<?xml version="1.0" encoding="UTF-8"?>
<testng-results ignored="0" total="1" passed="1" failed="0" skipped="0">
  <reporter-output>
  </reporter-output>
  <suite started-at="2020-12-10T21:30:31 IST" name="testweather.apiTest" finished-at="2020-12-10T21:30:34 IST" duration-ms="3283">
    <groups>
    </groups>
    <test started-at="2020-12-10T21:30:31 IST" name="Command line test" finished-at="2020-12-10T21:30:34 IST" duration-ms="3283">
      <class name="testweather.apiTest">
        <test-method signature="getWeatherDetails()[pri:0, instance:testweather.apiTest@140e5a13]" started-at="2020-12-10T21:30:31 IST" name="getWeatherDetails" finished-at="2020-12-10T21:30:34 IST" duration-ms="3251" status="PASS">
          <reporter-output>
          </reporter-output>
        </test-method> <!-- getWeatherDetails -->
      </class> <!-- testweather.apiTest -->
    </test> <!-- Command line test -->
  </suite> <!-- testweather.apiTest -->
</testng-results>
