<?xml version="1.0" encoding="UTF-8"?>
<testng-results ignored="0" total="1" passed="1" failed="0" skipped="0">
  <reporter-output>
  </reporter-output>
  <suite started-at="2020-12-10T21:33:18 IST" name="Default suite" finished-at="2020-12-10T21:33:20 IST" duration-ms="1730">
    <groups>
    </groups>
    <test started-at="2020-12-10T21:33:18 IST" name="Default test" finished-at="2020-12-10T21:33:20 IST" duration-ms="1730">
      <class name="testweather.apiTest">
        <test-method signature="getWeatherDetails()[pri:0, instance:testweather.apiTest@67a20f67]" started-at="2020-12-10T21:33:18 IST" name="getWeatherDetails" finished-at="2020-12-10T21:33:20 IST" duration-ms="1694" status="PASS">
          <reporter-output>
          </reporter-output>
        </test-method> <!-- getWeatherDetails -->
      </class> <!-- testweather.apiTest -->
    </test> <!-- Default test -->
  </suite> <!-- Default suite -->
</testng-results>
